<?xml version="1.0" encoding="UTF-8"?>
<testsuite name="com.example.backend.TaskflowApplicationTests" tests="1" skipped="0" failures="0" errors="0" timestamp="2025-12-18T19:51:07.687Z" hostname="Arjuns-MacBook-Air.local" time="0.286">
  <properties/>
  <testcase name="contextLoads()" classname="com.example.backend.TaskflowApplicationTests" time="0.286"/>
  <system-out><![CDATA[01:21:06.542 [Test worker] INFO org.springframework.test.context.support.AnnotationConfigContextLoaderUtils -- Could not detect default configuration classes for test class [com.example.backend.TaskflowApplicationTests]: TaskflowApplicationTests does not declare any static, non-private, non-final, nested classes annotated with @Configuration.
01:21:06.579 [Test worker] INFO org.springframework.boot.test.context.SpringBootTestContextBootstrapper -- Found @SpringBootConfiguration com.example.backend.TaskflowApplication for test class com.example.backend.TaskflowApplicationTests

  .   ____          _            __ _ _
 /\\ / ___'_ __ _ _(_)_ __  __ _ \ \ \ \
( ( )\___ | '_ | '_| | '_ \/ _` | \ \ \ \
 \\/  ___)| |_)| | | | | || (_| |  ) ) ) )
  '  |____| .__|_| |_|_| |_\__, | / / / /
 =========|_|==============|___/=/_/_/_/

 :: Spring Boot ::                (v4.0.0)

2025-12-19T01:21:06.710+05:30  INFO 14825 --- [taskflow] [    Test worker] c.e.backend.TaskflowApplicationTests     : Starting TaskflowApplicationTests using Java 21.0.8 with PID 14825 (started by arjunchoudhary in /Users/arjunchoudhary/Desktop/TaskFlow Project/task-flow/TaskFlow-Backend)
2025-12-19T01:21:06.711+05:30  INFO 14825 --- [taskflow] [    Test worker] c.e.backend.TaskflowApplicationTests     : No active profile set, falling back to 1 default profile: "default"
2025-12-19T01:21:06.915+05:30  INFO 14825 --- [taskflow] [    Test worker] .s.d.r.c.RepositoryConfigurationDelegate : Bootstrapping Spring Data JPA repositories in DEFAULT mode.
2025-12-19T01:21:06.923+05:30  INFO 14825 --- [taskflow] [    Test worker] .s.d.r.c.RepositoryConfigurationDelegate : Finished Spring Data repository scanning in 4 ms. Found 0 JPA repository interfaces.
2025-12-19T01:21:07.051+05:30  INFO 14825 --- [taskflow] [    Test worker] o.hibernate.jpa.internal.util.LogHelper  : HHH000204: Processing PersistenceUnitInfo [name: default]
2025-12-19T01:21:07.067+05:30  INFO 14825 --- [taskflow] [    Test worker] org.hibernate.Version                    : HHH000412: Hibernate ORM core version 7.1.8.Final
2025-12-19T01:21:07.224+05:30  INFO 14825 --- [taskflow] [    Test worker] o.s.o.j.p.SpringPersistenceUnitInfo      : No LoadTimeWeaver setup: ignoring JPA class transformer
2025-12-19T01:21:07.236+05:30  INFO 14825 --- [taskflow] [    Test worker] com.zaxxer.hikari.HikariDataSource       : HikariPool-1 - Starting...
2025-12-19T01:21:07.306+05:30  INFO 14825 --- [taskflow] [    Test worker] com.zaxxer.hikari.pool.HikariPool        : HikariPool-1 - Added connection com.mysql.cj.jdbc.ConnectionImpl@591a4d25
2025-12-19T01:21:07.307+05:30  INFO 14825 --- [taskflow] [    Test worker] com.zaxxer.hikari.HikariDataSource       : HikariPool-1 - Start completed.
2025-12-19T01:21:07.339+05:30  INFO 14825 --- [taskflow] [    Test worker] org.hibernate.orm.connections.pooling    : HHH10001005: Database info:
	Database JDBC URL [jdbc:mysql://localhost:3306/taskflow_db?useSSL=false&allowPublicKeyRetrieval=true&serverTimezone=UTC]
	Database driver: MySQL Connector/J
	Database dialect: MySQLDialect
	Database version: 9.5
	Default catalog/schema: taskflow_db/undefined
	Autocommit mode: undefined/unknown
	Isolation level: REPEATABLE_READ [default REPEATABLE_READ]
	JDBC fetch size: none
	Pool: DatasourceConnectionProviderImpl
	Minimum pool size: undefined/unknown
	Maximum pool size: undefined/unknown
2025-12-19T01:21:07.475+05:30  INFO 14825 --- [taskflow] [    Test worker] o.h.e.t.j.p.i.JtaPlatformInitiator       : HHH000489: No JTA platform available (set 'hibernate.transaction.jta.platform' to enable JTA platform integration)
2025-12-19T01:21:07.479+05:30  INFO 14825 --- [taskflow] [    Test worker] j.LocalContainerEntityManagerFactoryBean : Initialized JPA EntityManagerFactory for persistence unit 'default'
2025-12-19T01:21:07.682+05:30  INFO 14825 --- [taskflow] [    Test worker] c.e.backend.TaskflowApplicationTests     : Started TaskflowApplicationTests in 1.052 seconds (process running for 1.528)
]]></system-out>
  <system-err><![CDATA[Mockito is currently self-attaching to enable the inline-mock-maker. This will no longer work in future releases of the JDK. Please add Mockito as an agent to your build as described in Mockito's documentation: https://javadoc.io/doc/org.mockito/mockito-core/latest/org.mockito/org/mockito/Mockito.html#0.3
WARNING: A Java agent has been loaded dynamically (/Users/arjunchoudhary/.gradle/caches/modules-2/files-2.1/net.bytebuddy/byte-buddy-agent/1.17.8/f09415827a71be7ed621c7bd02550678f28bc81c/byte-buddy-agent-1.17.8.jar)
WARNING: If a serviceability tool is in use, please run with -XX:+EnableDynamicAgentLoading to hide this warning
WARNING: If a serviceability tool is not in use, please run with -Djdk.instrument.traceUsage for more information
WARNING: Dynamic loading of agents will be disallowed by default in a future release
]]></system-err>
</testsuite>
